<?xml version="1.0" encoding="UTF-8"?>
<testng-results ignored="0" total="1" passed="1" failed="0" skipped="0">
  <reporter-output>
  </reporter-output>
  <suite started-at="2024-09-09T19:54:40 MDT" name="Default suite" finished-at="2024-09-09T19:54:49 MDT" duration-ms="8692">
    <groups>
    </groups>
    <test started-at="2024-09-09T19:54:40 MDT" name="Default test" finished-at="2024-09-09T19:54:49 MDT" duration-ms="8692">
      <class name="testng.FB_TakeScreenshot">
        <test-method signature="f()[pri:0, instance:testng.FB_TakeScreenshot@130d63be]" started-at="2024-09-09T19:54:40 MDT" name="f" finished-at="2024-09-09T19:54:49 MDT" duration-ms="8657" status="PASS">
          <reporter-output>
          </reporter-output>
        </test-method> <!-- f -->
      </class> <!-- testng.FB_TakeScreenshot -->
    </test> <!-- Default test -->
  </suite> <!-- Default suite -->
</testng-results>
