<?xml version="1.0" encoding="UTF-8"?>
<testng-results ignored="0" total="1" passed="1" failed="0" skipped="0">
  <reporter-output>
  </reporter-output>
  <suite started-at="2024-09-05T20:08:29 MDT" name="Default suite" finished-at="2024-09-05T20:08:50 MDT" duration-ms="20990">
    <groups>
    </groups>
    <test started-at="2024-09-05T20:08:29 MDT" name="Default test" finished-at="2024-09-05T20:08:50 MDT" duration-ms="20990">
      <class name="testng.AutoTestData">
        <test-method signature="f()[pri:0, instance:testng.AutoTestData@130d63be]" started-at="2024-09-05T20:08:29 MDT" name="f" finished-at="2024-09-05T20:08:50 MDT" duration-ms="20917" status="PASS">
          <reporter-output>
          </reporter-output>
        </test-method> <!-- f -->
      </class> <!-- testng.AutoTestData -->
    </test> <!-- Default test -->
  </suite> <!-- Default suite -->
</testng-results>
